<?xml version="1.0" encoding="UTF-8"?>
<testsuite name="inkball.LinesegentTest" tests="4" skipped="0" failures="0" errors="0" timestamp="2024-10-20T10:22:02" hostname="DESKTOP-1HS8GHO" time="0.019">
  <properties/>
  <testcase name="NormalsetnormalvectorTest()" classname="inkball.LinesegentTest" time="0.001"/>
  <testcase name="testgetmethod()" classname="inkball.LinesegentTest" time="0.004"/>
  <testcase name="midpointTest()" classname="inkball.LinesegentTest" time="0.002"/>
  <testcase name="EdgesetnormalvectorTest()" classname="inkball.LinesegentTest" time="0.002"/>
  <system-out><![CDATA[]]></system-out>
  <system-err><![CDATA[]]></system-err>
</testsuite>
